13-05-2021 16:32:08.218 [main] ERROR o.s.boot.SpringApplication.reportFailure - Application run failed
java.lang.IllegalStateException: java.lang.IllegalStateException: Logback configuration error detected: 
ERROR in ch.qos.logback.core.joran.action.AppenderRefAction - Could not find an appender named [STDOUT]. Did you define it below instead of above in the configuration file?
ERROR in ch.qos.logback.core.joran.action.AppenderRefAction - See http://logback.qos.ch/codes.html#appender_order for more details.
ERROR in ch.qos.logback.core.joran.action.AppenderRefAction - Could not find an appender named [STDOUT]. Did you define it below instead of above in the configuration file?
ERROR in ch.qos.logback.core.joran.action.AppenderRefAction - See http://logback.qos.ch/codes.html#appender_order for more details.
	at org.springframework.boot.context.logging.LoggingApplicationListener.initializeSystem(LoggingApplicationListener.java:327)
	at org.springframework.boot.context.logging.LoggingApplicationListener.initialize(LoggingApplicationListener.java:281)
	at org.springframework.boot.context.logging.LoggingApplicationListener.onApplicationEnvironmentPreparedEvent(LoggingApplicationListener.java:239)
	at org.springframework.boot.context.logging.LoggingApplicationListener.onApplicationEvent(LoggingApplicationListener.java:216)
	at org.springframework.context.event.SimpleApplicationEventMulticaster.doInvokeListener(SimpleApplicationEventMulticaster.java:176)
	at org.springframework.context.event.SimpleApplicationEventMulticaster.invokeListener(SimpleApplicationEventMulticaster.java:169)
	at org.springframework.context.event.SimpleApplicationEventMulticaster.multicastEvent(SimpleApplicationEventMulticaster.java:143)
	at org.springframework.context.event.SimpleApplicationEventMulticaster.multicastEvent(SimpleApplicationEventMulticaster.java:131)
	at org.springframework.boot.context.event.EventPublishingRunListener.environmentPrepared(EventPublishingRunListener.java:82)
	at org.springframework.boot.SpringApplicationRunListeners.lambda$environmentPrepared$2(SpringApplicationRunListeners.java:63)
	at java.util.ArrayList.forEach(ArrayList.java:1257)
	at org.springframework.boot.SpringApplicationRunListeners.doWithListeners(SpringApplicationRunListeners.java:117)
	at org.springframework.boot.SpringApplicationRunListeners.doWithListeners(SpringApplicationRunListeners.java:111)
	at org.springframework.boot.SpringApplicationRunListeners.environmentPrepared(SpringApplicationRunListeners.java:62)
	at org.springframework.boot.SpringApplication.prepareEnvironment(SpringApplication.java:362)
	at org.springframework.boot.SpringApplication.run(SpringApplication.java:320)
	at org.springframework.boot.SpringApplication.run(SpringApplication.java:1311)
	at org.springframework.boot.SpringApplication.run(SpringApplication.java:1300)
	at com.example.accessingdatamysql.AccessingDataMysqlApplication.main(AccessingDataMysqlApplication.java:16)
Caused by: java.lang.IllegalStateException: Logback configuration error detected: 
ERROR in ch.qos.logback.core.joran.action.AppenderRefAction - Could not find an appender named [STDOUT]. Did you define it below instead of above in the configuration file?
ERROR in ch.qos.logback.core.joran.action.AppenderRefAction - See http://logback.qos.ch/codes.html#appender_order for more details.
ERROR in ch.qos.logback.core.joran.action.AppenderRefAction - Could not find an appender named [STDOUT]. Did you define it below instead of above in the configuration file?
ERROR in ch.qos.logback.core.joran.action.AppenderRefAction - See http://logback.qos.ch/codes.html#appender_order for more details.
	at org.springframework.boot.logging.logback.LogbackLoggingSystem.loadConfiguration(LogbackLoggingSystem.java:179)
	at org.springframework.boot.logging.AbstractLoggingSystem.initializeWithConventions(AbstractLoggingSystem.java:80)
	at org.springframework.boot.logging.AbstractLoggingSystem.initialize(AbstractLoggingSystem.java:60)
	at org.springframework.boot.logging.logback.LogbackLoggingSystem.initialize(LogbackLoggingSystem.java:132)
	at org.springframework.boot.context.logging.LoggingApplicationListener.initializeSystem(LoggingApplicationListener.java:312)
	... 18 common frames omitted
13-05-2021 16:32:52.097 [main] INFO  c.e.a.AccessingDataMysqlApplication.logStarting - Starting AccessingDataMysqlApplication using Java 1.8.0_201 on lujias-MacBook-Pro.local with PID 2199 (/Users/lujiachi/code/spring-data-mysql/build/classes/java/main started by lujiachi in /Users/lujiachi/code/spring-data-mysql)
13-05-2021 16:32:52.100 [main] INFO  c.e.a.AccessingDataMysqlApplication.logStartupProfileInfo - The following profiles are active: dev
13-05-2021 16:32:52.490 [main] INFO  o.s.d.r.c.RepositoryConfigurationDelegate.registerRepositoriesIn - Bootstrapping Spring Data JPA repositories in DEFAULT mode.
13-05-2021 16:32:52.548 [main] INFO  o.s.d.r.c.RepositoryConfigurationDelegate.registerRepositoriesIn - Finished Spring Data repository scanning in 52 ms. Found 1 JPA repository interfaces.
13-05-2021 16:32:52.849 [main] INFO  o.s.b.w.e.tomcat.TomcatWebServer.initialize - Tomcat initialized with port(s): 8090 (http)
13-05-2021 16:32:52.856 [main] INFO  o.a.coyote.http11.Http11NioProtocol.log - Initializing ProtocolHandler ["http-nio-8090"]
13-05-2021 16:32:52.857 [main] INFO  o.a.catalina.core.StandardService.log - Starting service [Tomcat]
13-05-2021 16:32:52.857 [main] INFO  o.a.catalina.core.StandardEngine.log - Starting Servlet engine: [Apache Tomcat/9.0.43]
13-05-2021 16:32:52.907 [main] INFO  o.a.c.c.C.[Tomcat].[localhost].[/].log - Initializing Spring embedded WebApplicationContext
13-05-2021 16:32:52.907 [main] INFO  o.s.b.w.s.c.ServletWebServerApplicationContext.prepareWebApplicationContext - Root WebApplicationContext: initialization completed in 767 ms
13-05-2021 16:32:53.023 [main] INFO  o.h.jpa.internal.util.LogHelper.logPersistenceUnitInformation - HHH000204: Processing PersistenceUnitInfo [name: default]
13-05-2021 16:32:53.050 [main] INFO  org.hibernate.Version.logVersion - HHH000412: Hibernate ORM core version 5.4.28.Final
13-05-2021 16:32:53.124 [main] INFO  o.h.annotations.common.Version.<clinit> - HCANN000001: Hibernate Commons Annotations {5.1.2.Final}
13-05-2021 16:32:53.181 [main] INFO  com.zaxxer.hikari.HikariDataSource.getConnection - HikariPool-1 - Starting...
13-05-2021 16:32:53.182 [main] WARN  c.z.hikari.util.DriverDataSource.<init> - Registered driver with driverClassName=com.mysql.jdbc.Driver was not found, trying direct instantiation.
13-05-2021 16:32:53.487 [main] INFO  com.zaxxer.hikari.HikariDataSource.getConnection - HikariPool-1 - Start completed.
13-05-2021 16:32:53.501 [main] INFO  org.hibernate.dialect.Dialect.<init> - HHH000400: Using dialect: org.hibernate.dialect.MySQL8Dialect
13-05-2021 16:32:53.902 [main] INFO  o.h.e.t.j.p.i.JtaPlatformInitiator.initiateService - HHH000490: Using JtaPlatform implementation: [org.hibernate.engine.transaction.jta.platform.internal.NoJtaPlatform]
13-05-2021 16:32:53.908 [main] INFO  o.s.o.j.LocalContainerEntityManagerFactoryBean.buildNativeEntityManagerFactory - Initialized JPA EntityManagerFactory for persistence unit 'default'
13-05-2021 16:32:54.195 [main] WARN  o.s.b.a.o.j.JpaBaseConfiguration$JpaWebConfiguration.openEntityManagerInViewInterceptor - spring.jpa.open-in-view is enabled by default. Therefore, database queries may be performed during view rendering. Explicitly configure spring.jpa.open-in-view to disable this warning
13-05-2021 16:32:54.266 [main] INFO  o.s.s.c.ThreadPoolTaskExecutor.initialize - Initializing ExecutorService 'applicationTaskExecutor'
13-05-2021 16:32:54.389 [main] INFO  o.a.coyote.http11.Http11NioProtocol.log - Starting ProtocolHandler ["http-nio-8090"]
13-05-2021 16:32:54.406 [main] INFO  o.s.b.w.e.tomcat.TomcatWebServer.start - Tomcat started on port(s): 8090 (http) with context path ''
13-05-2021 16:32:54.411 [main] INFO  c.e.a.AccessingDataMysqlApplication.logStarted - Started AccessingDataMysqlApplication in 2.682 seconds (JVM running for 2.988)
13-05-2021 16:32:54.413 [main] INFO  c.e.a.AccessingDataMysqlApplication.main - Mysql url: jdbc:mysql://localhost:42333/mydb
13-05-2021 16:32:54.413 [main] INFO  c.e.a.AccessingDataMysqlApplication.main - Start Application at port: 8090
13-05-2021 16:33:01.777 [http-nio-8090-exec-1] INFO  o.a.c.c.C.[Tomcat].[localhost].[/].log - Initializing Spring DispatcherServlet 'dispatcherServlet'
13-05-2021 16:33:01.777 [http-nio-8090-exec-1] INFO  o.s.web.servlet.DispatcherServlet.initServletBean - Initializing Servlet 'dispatcherServlet'
13-05-2021 16:33:01.778 [http-nio-8090-exec-1] INFO  o.s.web.servlet.DispatcherServlet.initServletBean - Completed initialization in 1 ms
13-05-2021 16:33:01.807 [http-nio-8090-exec-1] INFO  c.e.a.MainController.getUsersWithName - get user with firstName: Test add, lastName: Test
13-05-2021 16:33:28.186 [SpringContextShutdownHook] INFO  o.s.s.c.ThreadPoolTaskExecutor.shutdown - Shutting down ExecutorService 'applicationTaskExecutor'
13-05-2021 16:33:28.187 [SpringContextShutdownHook] INFO  o.s.o.j.LocalContainerEntityManagerFactoryBean.destroy - Closing JPA EntityManagerFactory for persistence unit 'default'
13-05-2021 16:33:28.189 [SpringContextShutdownHook] INFO  com.zaxxer.hikari.HikariDataSource.close - HikariPool-1 - Shutdown initiated...
13-05-2021 16:33:28.194 [SpringContextShutdownHook] INFO  com.zaxxer.hikari.HikariDataSource.close - HikariPool-1 - Shutdown completed.
13-05-2021 17:52:32.306 [main] INFO  c.e.a.AccessingDataMysqlApplication.logStarting - Starting AccessingDataMysqlApplication using Java 1.8.0_201 on lujias-MacBook-Pro.local with PID 4277 (/Users/lujiachi/code/spring-jpa-mysql/build/classes/java/main started by lujiachi in /Users/lujiachi/code/spring-jpa-mysql)
13-05-2021 17:52:32.309 [main] INFO  c.e.a.AccessingDataMysqlApplication.logStartupProfileInfo - The following profiles are active: dev
13-05-2021 17:52:32.921 [main] INFO  o.s.d.r.c.RepositoryConfigurationDelegate.registerRepositoriesIn - Bootstrapping Spring Data JPA repositories in DEFAULT mode.
13-05-2021 17:52:32.965 [main] INFO  o.s.d.r.c.RepositoryConfigurationDelegate.registerRepositoriesIn - Finished Spring Data repository scanning in 35 ms. Found 1 JPA repository interfaces.
13-05-2021 17:52:33.361 [main] INFO  o.s.b.w.e.tomcat.TomcatWebServer.initialize - Tomcat initialized with port(s): 8090 (http)
13-05-2021 17:52:33.369 [main] INFO  o.a.coyote.http11.Http11NioProtocol.log - Initializing ProtocolHandler ["http-nio-8090"]
13-05-2021 17:52:33.370 [main] INFO  o.a.catalina.core.StandardService.log - Starting service [Tomcat]
13-05-2021 17:52:33.370 [main] INFO  o.a.catalina.core.StandardEngine.log - Starting Servlet engine: [Apache Tomcat/9.0.43]
13-05-2021 17:52:33.430 [main] INFO  o.a.c.c.C.[Tomcat].[localhost].[/].log - Initializing Spring embedded WebApplicationContext
13-05-2021 17:52:33.430 [main] INFO  o.s.b.w.s.c.ServletWebServerApplicationContext.prepareWebApplicationContext - Root WebApplicationContext: initialization completed in 1077 ms
13-05-2021 17:52:33.566 [main] INFO  o.h.jpa.internal.util.LogHelper.logPersistenceUnitInformation - HHH000204: Processing PersistenceUnitInfo [name: default]
13-05-2021 17:52:33.600 [main] INFO  org.hibernate.Version.logVersion - HHH000412: Hibernate ORM core version 5.4.28.Final
13-05-2021 17:52:33.694 [main] INFO  o.h.annotations.common.Version.<clinit> - HCANN000001: Hibernate Commons Annotations {5.1.2.Final}
13-05-2021 17:52:33.773 [main] INFO  com.zaxxer.hikari.HikariDataSource.getConnection - HikariPool-1 - Starting...
13-05-2021 17:52:33.775 [main] WARN  c.z.hikari.util.DriverDataSource.<init> - Registered driver with driverClassName=com.mysql.jdbc.Driver was not found, trying direct instantiation.
13-05-2021 17:52:34.140 [main] INFO  com.zaxxer.hikari.HikariDataSource.getConnection - HikariPool-1 - Start completed.
13-05-2021 17:52:34.154 [main] INFO  org.hibernate.dialect.Dialect.<init> - HHH000400: Using dialect: org.hibernate.dialect.MySQL8Dialect
13-05-2021 17:52:34.580 [main] INFO  o.h.e.t.j.p.i.JtaPlatformInitiator.initiateService - HHH000490: Using JtaPlatform implementation: [org.hibernate.engine.transaction.jta.platform.internal.NoJtaPlatform]
13-05-2021 17:52:34.588 [main] INFO  o.s.o.j.LocalContainerEntityManagerFactoryBean.buildNativeEntityManagerFactory - Initialized JPA EntityManagerFactory for persistence unit 'default'
13-05-2021 17:52:34.918 [main] WARN  o.s.b.a.o.j.JpaBaseConfiguration$JpaWebConfiguration.openEntityManagerInViewInterceptor - spring.jpa.open-in-view is enabled by default. Therefore, database queries may be performed during view rendering. Explicitly configure spring.jpa.open-in-view to disable this warning
13-05-2021 17:52:35.016 [main] INFO  o.s.s.c.ThreadPoolTaskExecutor.initialize - Initializing ExecutorService 'applicationTaskExecutor'
13-05-2021 17:52:35.190 [main] INFO  o.a.coyote.http11.Http11NioProtocol.log - Starting ProtocolHandler ["http-nio-8090"]
13-05-2021 17:52:35.223 [main] INFO  o.s.b.w.e.tomcat.TomcatWebServer.start - Tomcat started on port(s): 8090 (http) with context path ''
13-05-2021 17:52:35.233 [main] INFO  c.e.a.AccessingDataMysqlApplication.logStarted - Started AccessingDataMysqlApplication in 3.276 seconds (JVM running for 3.618)
13-05-2021 17:52:35.237 [main] INFO  c.e.a.AccessingDataMysqlApplication.main - Mysql url: jdbc:mysql://localhost:42333/mydb
13-05-2021 17:52:35.237 [main] INFO  c.e.a.AccessingDataMysqlApplication.main - Start Application at port: 8090
13-05-2021 17:52:50.685 [http-nio-8090-exec-2] INFO  o.a.c.c.C.[Tomcat].[localhost].[/].log - Initializing Spring DispatcherServlet 'dispatcherServlet'
13-05-2021 17:52:50.688 [http-nio-8090-exec-2] INFO  o.s.web.servlet.DispatcherServlet.initServletBean - Initializing Servlet 'dispatcherServlet'
13-05-2021 17:52:50.689 [http-nio-8090-exec-2] INFO  o.s.web.servlet.DispatcherServlet.initServletBean - Completed initialization in 1 ms
